[1700647006.958][INFO]: Starting ChromeDriver 119.0.6045.105 (38c72552c5e15ba9b3117c0967a0fd105072d7c6-refs/branch-heads/6045@{#1103}) on port 26155
[1700647006.958][INFO]: Please see https://chromedriver.chromium.org/security-considerations for suggestions on keeping ChromeDriver safe.
[1700647007.293][INFO]: [84007886ec091036ee73767dcdc554ea] COMMAND InitSession {
   "capabilities": {
      "firstMatch": [ {
         "browserName": "chrome",
         "goog:chromeOptions": {
            "args": [ "--incognito", "--start-maximized", "--remote-allow-origins=*", "load-extension=C:\\Users\\hhizaoui\\.katalon\\packages\\Katalon_Studio_Windows_64-8.6.6\\Katalon_Studio_Windows_64-8.6.6\\configuration\\resources\\extensions\\Chrome\\Smart Wait" ],
            "prefs": {
               "download.default_directory": "${GlobalVariable.downloadPath}",
               "download.prompt_for_download": false,
               "download_dir": "${GlobalVariable.downloadPath}"
            }
         }
      } ]
   },
   "desiredCapabilities": {
      "browserName": "chrome",
      "goog:chromeOptions": {
         "args": [ "--incognito", "--start-maximized", "--remote-allow-origins=*", "load-extension=C:\\Users\\hhizaoui\\.katalon\\packages\\Katalon_Studio_Windows_64-8.6.6\\Katalon_Studio_Windows_64-8.6.6\\configuration\\resources\\extensions\\Chrome\\Smart Wait" ],
         "prefs": {
            "download.default_directory": "${GlobalVariable.downloadPath}",
            "download.prompt_for_download": false,
            "download_dir": "${GlobalVariable.downloadPath}"
         }
      },
      "loggingPrefs": {
         "browser": "ALL"
      },
      "platform": "ANY",
      "version": ""
   }
}
[1700647007.300][INFO]: Populating Preferences file: {
   "alternate_error_pages": {
      "enabled": false
   },
   "autofill": {
      "enabled": false
   },
   "browser": {
      "check_default_browser": false
   },
   "distribution": {
      "import_bookmarks": false,
      "import_history": false,
      "import_search_engine": false,
      "make_chrome_default_for_user": false,
      "skip_first_run_ui": true
   },
   "dns_prefetching": {
      "enabled": false
   },
   "download": {
      "default_directory": "${GlobalVariable.downloadPath}",
      "prompt_for_download": false
   },
   "download_dir": "${GlobalVariable.downloadPath}",
   "profile": {
      "content_settings": {
         "pattern_pairs": {
            "https://*,*": {
               "media-stream": {
                  "audio": "Default",
                  "video": "Default"
               }
            }
         }
      },
      "default_content_setting_values": {
         "geolocation": 1
      },
      "default_content_settings": {
         "geolocation": 1,
         "mouselock": 1,
         "notifications": 1,
         "popups": 1,
         "ppapi-broker": 1
      },
      "password_manager_enabled": false
   },
   "safebrowsing": {
      "enabled": false
   },
   "search": {
      "suggest_enabled": false
   },
   "translate": {
      "enabled": false
   }
}
[1700647007.301][INFO]: Populating Local State file: {
   "background_mode": {
      "enabled": false
   },
   "ssl": {
      "rev_checking": {
         "enabled": false
      }
   }
}
[1700647007.302][INFO]: ChromeDriver supports communication with Chrome via pipes. This is more reliable and more secure.
[1700647007.302][INFO]: Use the --remote-debugging-pipe Chrome switch instead of the default --remote-debugging-port to enable this communication mode.
[1700647007.305][INFO]: Launching chrome: "C:\Program Files\Google\Chrome\Application\chrome.exe" --allow-pre-commit-input --disable-background-networking --disable-backgrounding-occluded-windows --disable-client-side-phishing-detection --disable-default-apps --disable-hang-monitor --disable-popup-blocking --disable-prompt-on-repost --disable-sync --enable-automation --enable-logging --incognito --load-extension="C:\Users\hhizaoui\.katalon\packages\Katalon_Studio_Windows_64-8.6.6\Katalon_Studio_Windows_64-8.6.6\configuration\resources\extensions\Chrome\Smart Wait" --log-level=0 --no-first-run --no-service-autorun --password-store=basic --remote-allow-origins=* --remote-debugging-port=0 --start-maximized --test-type=webdriver --use-mock-keychain --user-data-dir="C:\WINDOWS\SystemTemp\scoped_dir48216_1054869128" data:,
[1700647008.204][INFO]: resolved localhost to ["127.0.0.1","::1"]
[1700647008.508][INFO]: [84007886ec091036ee73767dcdc554ea] RESPONSE InitSession {
   "capabilities": {
      "acceptInsecureCerts": false,
      "browserName": "chrome",
      "browserVersion": "119.0.6045.160",
      "chrome": {
         "chromedriverVersion": "119.0.6045.105 (38c72552c5e15ba9b3117c0967a0fd105072d7c6-refs/branch-heads/6045@{#1103})",
         "userDataDir": "C:\\WINDOWS\\SystemTemp\\scoped_dir48216_1054869128"
      },
      "fedcm:accounts": true,
      "goog:chromeOptions": {
         "debuggerAddress": "localhost:50666"
      },
      "networkConnectionEnabled": false,
      "pageLoadStrategy": "normal",
      "platformName": "windows",
      "proxy": {
      },
      "setWindowRect": true,
      "strictFileInteractability": false,
      "timeouts": {
         "implicit": 0,
         "pageLoad": 300000,
         "script": 30000
      },
      "unhandledPromptBehavior": "dismiss and notify",
      "webauthn:extension:credBlob": true,
      "webauthn:extension:largeBlob": true,
      "webauthn:extension:minPinLength": true,
      "webauthn:extension:prf": true,
      "webauthn:virtualAuthenticators": true
   },
   "sessionId": "84007886ec091036ee73767dcdc554ea"
}
[1700647008.522][INFO]: [84007886ec091036ee73767dcdc554ea] COMMAND SetTimeouts {
   "implicit": 0
}
[1700647008.523][INFO]: [84007886ec091036ee73767dcdc554ea] RESPONSE SetTimeouts
[1700647008.533][INFO]: [84007886ec091036ee73767dcdc554ea] COMMAND SetTimeouts {
   "pageLoad": 30000
}
[1700647008.533][INFO]: [84007886ec091036ee73767dcdc554ea] RESPONSE SetTimeouts
[1700647008.539][INFO]: [84007886ec091036ee73767dcdc554ea] COMMAND SetTimeouts {
   "implicit": 0
}
[1700647008.539][INFO]: [84007886ec091036ee73767dcdc554ea] RESPONSE SetTimeouts
[1700647008.556][INFO]: [84007886ec091036ee73767dcdc554ea] COMMAND SetTimeouts {
   "pageLoad": 30000
}
[1700647008.556][INFO]: [84007886ec091036ee73767dcdc554ea] RESPONSE SetTimeouts
[1700647008.577][INFO]: [84007886ec091036ee73767dcdc554ea] COMMAND ExecuteScript {
   "args": [  ],
   "script": "return navigator.sayswho= (function() { var ua= navigator.userAgent, tem, M= ua.match(/(opera|chrome|safari|firefox|msie|trident)\\/?\\s*(\\.?\\d+(\\.\\d+)*)/i) || []; if (/trident/i.test(M[1])) {     tem=  /\\brv[ :]+(\\d+)/g.exec(ua) || [];     return 'IE '+(tem[1] || ''); } if(M[1]=== 'Chrome') {     tem= ua.match(/\\b(OPR|Edge|Edg)\\/(\\d+)/);     if(tem!= null) return tem.slice(1).join(' ').replace('OPR', 'Opera').replace('Edg', 'Edge Chromium'); } M= M[2]? [M[1], M[2]]: [navigator.appName, navigator.appVersion, '-?']; if((tem= ua.match(/version\\/(\\d+)/i))!= null) M.splice(1, 1, tem[1]); return M.join(' ').replace('MSIE', 'IE');})();"
}
[1700647008.578][INFO]: Waiting for pending navigations...
[1700647008.592][INFO]: Done waiting for pending navigations. Status: ok
[1700647008.602][INFO]: Waiting for pending navigations...
[1700647008.603][INFO]: Done waiting for pending navigations. Status: ok
[1700647008.603][INFO]: [84007886ec091036ee73767dcdc554ea] RESPONSE ExecuteScript "Chrome 119.0.0.0"
[1700647008.612][INFO]: [84007886ec091036ee73767dcdc554ea] COMMAND SetTimeouts {
   "implicit": 0
}
[1700647008.612][INFO]: [84007886ec091036ee73767dcdc554ea] RESPONSE SetTimeouts
[1700647008.620][INFO]: [84007886ec091036ee73767dcdc554ea] COMMAND SetTimeouts {
   "pageLoad": 30000
}
[1700647008.620][INFO]: [84007886ec091036ee73767dcdc554ea] RESPONSE SetTimeouts
[1700647008.636][INFO]: [84007886ec091036ee73767dcdc554ea] COMMAND SetTimeouts {
   "implicit": 0
}
[1700647008.636][INFO]: [84007886ec091036ee73767dcdc554ea] RESPONSE SetTimeouts
[1700647008.644][INFO]: [84007886ec091036ee73767dcdc554ea] COMMAND SetTimeouts {
   "pageLoad": 30000
}
[1700647008.644][INFO]: [84007886ec091036ee73767dcdc554ea] RESPONSE SetTimeouts
[1700647011.740][INFO]: [84007886ec091036ee73767dcdc554ea] COMMAND MaximizeWindow {
}
[1700647011.740][INFO]: Waiting for pending navigations...
[1700647011.741][INFO]: Done waiting for pending navigations. Status: ok
[1700647011.742][INFO]: Waiting for pending navigations...
[1700647011.743][INFO]: Done waiting for pending navigations. Status: ok
[1700647011.743][INFO]: [84007886ec091036ee73767dcdc554ea] RESPONSE MaximizeWindow {
   "height": 1096,
   "width": 1936,
   "x": -8,
   "y": -8
}
[1700647011.871][INFO]: [84007886ec091036ee73767dcdc554ea] COMMAND ExecuteAsyncScript {
   "args": [  ],
   "script": "\tvar callback = arguments[arguments.length - 1].bind(this);\r\n\twindow.katalonWaiter.katalon_smart_waiter_do_ajax_wait(callback);"
}
[1700647011.871][INFO]: Waiting for pending navigations...
[1700647011.872][INFO]: Done waiting for pending navigations. Status: ok
[1700647011.885][INFO]: Waiting for pending navigations...
[1700647011.886][INFO]: Done waiting for pending navigations. Status: ok
[1700647011.886][INFO]: [84007886ec091036ee73767dcdc554ea] RESPONSE ExecuteAsyncScript ERROR javascript error: Cannot read properties of undefined (reading 'katalon_smart_waiter_do_ajax_wait')
JavaScript stack:
TypeError: Cannot read properties of undefined (reading 'katalon_smart_waiter_do_ajax_wait')
    at eval (eval at executeAsyncScript (:447:26), <anonymous>:4:23)
    at eval (eval at executeAsyncScript (:447:26), <anonymous>:4:70)
    at executeAsyncScript (<anonymous>:447:47)
    at <anonymous>:462:29
    at callFunction (<anonymous>:341:22)
    at <anonymous>:355:23
    at <anonymous>:356:3
  (Session info: chrome=119.0.6045.160)
[1700647011.889][INFO]: [84007886ec091036ee73767dcdc554ea] COMMAND FindElements {
   "using": "xpath",
   "value": "//*[@id=\"details-button\"]"
}
[1700647011.889][INFO]: Waiting for pending navigations...
[1700647011.891][INFO]: Done waiting for pending navigations. Status: ok
[1700647011.900][INFO]: Waiting for pending navigations...
[1700647011.901][INFO]: Done waiting for pending navigations. Status: ok
[1700647011.901][INFO]: [84007886ec091036ee73767dcdc554ea] RESPONSE FindElements [  ]
[1700647011.905][INFO]: [84007886ec091036ee73767dcdc554ea] COMMAND ExecuteAsyncScript {
   "args": [  ],
   "script": "\tvar callback = arguments[arguments.length - 1].bind(this);\r\n\twindow.katalonWaiter.katalon_smart_waiter_do_ajax_wait(callback);"
}
[1700647011.905][INFO]: Waiting for pending navigations...
[1700647011.906][INFO]: Done waiting for pending navigations. Status: ok
[1700647011.912][INFO]: Waiting for pending navigations...
[1700647011.912][INFO]: Done waiting for pending navigations. Status: ok
[1700647011.912][INFO]: [84007886ec091036ee73767dcdc554ea] RESPONSE ExecuteAsyncScript ERROR javascript error: Cannot read properties of undefined (reading 'katalon_smart_waiter_do_ajax_wait')
JavaScript stack:
TypeError: Cannot read properties of undefined (reading 'katalon_smart_waiter_do_ajax_wait')
    at eval (eval at executeAsyncScript (:447:26), <anonymous>:4:23)
    at eval (eval at executeAsyncScript (:447:26), <anonymous>:4:70)
    at executeAsyncScript (<anonymous>:447:47)
    at <anonymous>:462:29
    at callFunction (<anonymous>:341:22)
    at <anonymous>:355:23
    at <anonymous>:356:3
  (Session info: chrome=119.0.6045.160)
[1700647011.921][INFO]: [84007886ec091036ee73767dcdc554ea] COMMAND FindElements {
   "using": "xpath",
   "value": "//*[@id=\"details-button\"]"
}
[1700647011.921][INFO]: Waiting for pending navigations...
[1700647011.923][INFO]: Done waiting for pending navigations. Status: ok
[1700647011.931][INFO]: Waiting for pending navigations...
[1700647011.932][INFO]: Done waiting for pending navigations. Status: ok
[1700647011.932][INFO]: [84007886ec091036ee73767dcdc554ea] RESPONSE FindElements [  ]
[1700647011.942][INFO]: [84007886ec091036ee73767dcdc554ea] COMMAND ExecuteAsyncScript {
   "args": [  ],
   "script": "\tvar callback = arguments[arguments.length - 1].bind(this);\r\n\twindow.katalonWaiter.katalon_smart_waiter_do_ajax_wait(callback);"
}
[1700647011.943][INFO]: Waiting for pending navigations...
[1700647011.944][INFO]: Done waiting for pending navigations. Status: ok
[1700647011.949][INFO]: Waiting for pending navigations...
[1700647011.950][INFO]: Done waiting for pending navigations. Status: ok
[1700647011.950][INFO]: [84007886ec091036ee73767dcdc554ea] RESPONSE ExecuteAsyncScript ERROR javascript error: Cannot read properties of undefined (reading 'katalon_smart_waiter_do_ajax_wait')
JavaScript stack:
TypeError: Cannot read properties of undefined (reading 'katalon_smart_waiter_do_ajax_wait')
    at eval (eval at executeAsyncScript (:447:26), <anonymous>:4:23)
    at eval (eval at executeAsyncScript (:447:26), <anonymous>:4:70)
    at executeAsyncScript (<anonymous>:447:47)
    at <anonymous>:462:29
    at callFunction (<anonymous>:341:22)
    at <anonymous>:355:23
    at <anonymous>:356:3
  (Session info: chrome=119.0.6045.160)
[1700647011.960][INFO]: [84007886ec091036ee73767dcdc554ea] COMMAND FindElements {
   "using": "xpath",
   "value": "//*[@id=\"details-button\"]"
}
[1700647011.960][INFO]: Waiting for pending navigations...
[1700647011.961][INFO]: Done waiting for pending navigations. Status: ok
[1700647011.966][INFO]: Waiting for pending navigations...
[1700647011.967][INFO]: Done waiting for pending navigations. Status: ok
[1700647011.967][INFO]: [84007886ec091036ee73767dcdc554ea] RESPONSE FindElements [  ]
[1700647011.980][INFO]: [84007886ec091036ee73767dcdc554ea] COMMAND ExecuteAsyncScript {
   "args": [  ],
   "script": "\tvar callback = arguments[arguments.length - 1].bind(this);\r\n\twindow.katalonWaiter.katalon_smart_waiter_do_ajax_wait(callback);"
}
[1700647011.981][INFO]: Waiting for pending navigations...
[1700647011.982][INFO]: Done waiting for pending navigations. Status: ok
[1700647011.989][INFO]: Waiting for pending navigations...
[1700647011.990][INFO]: Done waiting for pending navigations. Status: ok
[1700647011.990][INFO]: [84007886ec091036ee73767dcdc554ea] RESPONSE ExecuteAsyncScript ERROR javascript error: Cannot read properties of undefined (reading 'katalon_smart_waiter_do_ajax_wait')
JavaScript stack:
TypeError: Cannot read properties of undefined (reading 'katalon_smart_waiter_do_ajax_wait')
    at eval (eval at executeAsyncScript (:447:26), <anonymous>:4:23)
    at eval (eval at executeAsyncScript (:447:26), <anonymous>:4:70)
    at executeAsyncScript (<anonymous>:447:47)
    at <anonymous>:462:29
    at callFunction (<anonymous>:341:22)
    at <anonymous>:355:23
    at <anonymous>:356:3
  (Session info: chrome=119.0.6045.160)
[1700647012.001][INFO]: [84007886ec091036ee73767dcdc554ea] COMMAND FindElements {
   "using": "xpath",
   "value": "//*[@id=\"details-button\"]"
}
[1700647012.001][INFO]: Waiting for pending navigations...
[1700647012.002][INFO]: Done waiting for pending navigations. Status: ok
[1700647012.009][INFO]: Waiting for pending navigations...
[1700647012.010][INFO]: Done waiting for pending navigations. Status: ok
[1700647012.010][INFO]: [84007886ec091036ee73767dcdc554ea] RESPONSE FindElements [  ]
[1700647012.016][INFO]: [84007886ec091036ee73767dcdc554ea] COMMAND ExecuteAsyncScript {
   "args": [  ],
   "script": "\tvar callback = arguments[arguments.length - 1].bind(this);\r\n\twindow.katalonWaiter.katalon_smart_waiter_do_ajax_wait(callback);"
}
[1700647012.017][INFO]: Waiting for pending navigations...
[1700647012.021][INFO]: Done waiting for pending navigations. Status: ok
[1700647012.029][INFO]: Waiting for pending navigations...
[1700647012.029][INFO]: Done waiting for pending navigations. Status: ok
[1700647012.029][INFO]: [84007886ec091036ee73767dcdc554ea] RESPONSE ExecuteAsyncScript ERROR javascript error: Cannot read properties of undefined (reading 'katalon_smart_waiter_do_ajax_wait')
JavaScript stack:
TypeError: Cannot read properties of undefined (reading 'katalon_smart_waiter_do_ajax_wait')
    at eval (eval at executeAsyncScript (:447:26), <anonymous>:4:23)
    at eval (eval at executeAsyncScript (:447:26), <anonymous>:4:70)
    at executeAsyncScript (<anonymous>:447:47)
    at <anonymous>:462:29
    at callFunction (<anonymous>:341:22)
    at <anonymous>:355:23
    at <anonymous>:356:3
  (Session info: chrome=119.0.6045.160)
[1700647012.031][INFO]: [84007886ec091036ee73767dcdc554ea] COMMAND FindElements {
   "using": "xpath",
   "value": "//*[@id=\"details-button\"]"
}
[1700647012.031][INFO]: Waiting for pending navigations...
[1700647012.032][INFO]: Done waiting for pending navigations. Status: ok
[1700647012.036][INFO]: Waiting for pending navigations...
[1700647012.037][INFO]: Done waiting for pending navigations. Status: ok
[1700647012.037][INFO]: [84007886ec091036ee73767dcdc554ea] RESPONSE FindElements [  ]
[1700647012.051][INFO]: [84007886ec091036ee73767dcdc554ea] COMMAND ExecuteAsyncScript {
   "args": [  ],
   "script": "\tvar callback = arguments[arguments.length - 1].bind(this);\r\n\twindow.katalonWaiter.katalon_smart_waiter_do_ajax_wait(callback);"
}
[1700647012.051][INFO]: Waiting for pending navigations...
[1700647012.052][INFO]: Done waiting for pending navigations. Status: ok
[1700647012.060][INFO]: Waiting for pending navigations...
[1700647012.060][INFO]: Done waiting for pending navigations. Status: ok
[1700647012.060][INFO]: [84007886ec091036ee73767dcdc554ea] RESPONSE ExecuteAsyncScript ERROR javascript error: Cannot read properties of undefined (reading 'katalon_smart_waiter_do_ajax_wait')
JavaScript stack:
TypeError: Cannot read properties of undefined (reading 'katalon_smart_waiter_do_ajax_wait')
    at eval (eval at executeAsyncScript (:447:26), <anonymous>:4:23)
    at eval (eval at executeAsyncScript (:447:26), <anonymous>:4:70)
    at executeAsyncScript (<anonymous>:447:47)
    at <anonymous>:462:29
    at callFunction (<anonymous>:341:22)
    at <anonymous>:355:23
    at <anonymous>:356:3
  (Session info: chrome=119.0.6045.160)
[1700647012.068][INFO]: [84007886ec091036ee73767dcdc554ea] COMMAND FindElements {
   "using": "xpath",
   "value": "//*[@id=\"details-button\"]"
}
[1700647012.068][INFO]: Waiting for pending navigations...
[1700647012.068][INFO]: Done waiting for pending navigations. Status: ok
[1700647012.073][INFO]: Waiting for pending navigations...
[1700647012.074][INFO]: Done waiting for pending navigations. Status: ok
[1700647012.074][INFO]: [84007886ec091036ee73767dcdc554ea] RESPONSE FindElements [  ]
[1700647012.090][INFO]: [84007886ec091036ee73767dcdc554ea] COMMAND ExecuteAsyncScript {
   "args": [  ],
   "script": "\tvar callback = arguments[arguments.length - 1].bind(this);\r\n\twindow.katalonWaiter.katalon_smart_waiter_do_ajax_wait(callback);"
}
[1700647012.090][INFO]: Waiting for pending navigations...
[1700647012.091][INFO]: Done waiting for pending navigations. Status: ok
[1700647012.099][INFO]: Waiting for pending navigations...
[1700647012.100][INFO]: Done waiting for pending navigations. Status: ok
[1700647012.101][INFO]: [84007886ec091036ee73767dcdc554ea] RESPONSE ExecuteAsyncScript ERROR javascript error: Cannot read properties of undefined (reading 'katalon_smart_waiter_do_ajax_wait')
JavaScript stack:
TypeError: Cannot read properties of undefined (reading 'katalon_smart_waiter_do_ajax_wait')
    at eval (eval at executeAsyncScript (:447:26), <anonymous>:4:23)
    at eval (eval at executeAsyncScript (:447:26), <anonymous>:4:70)
    at executeAsyncScript (<anonymous>:447:47)
    at <anonymous>:462:29
    at callFunction (<anonymous>:341:22)
    at <anonymous>:355:23
    at <anonymous>:356:3
  (Session info: chrome=119.0.6045.160)
[1700647012.107][INFO]: [84007886ec091036ee73767dcdc554ea] COMMAND FindElements {
   "using": "xpath",
   "value": "//*[@id=\"details-button\"]"
}
[1700647012.107][INFO]: Waiting for pending navigations...
[1700647012.108][INFO]: Done waiting for pending navigations. Status: ok
[1700647012.113][INFO]: Waiting for pending navigations...
[1700647012.114][INFO]: Done waiting for pending navigations. Status: ok
[1700647012.114][INFO]: [84007886ec091036ee73767dcdc554ea] RESPONSE FindElements [  ]
[1700647012.136][INFO]: [84007886ec091036ee73767dcdc554ea] COMMAND ExecuteAsyncScript {
   "args": [  ],
   "script": "\tvar callback = arguments[arguments.length - 1].bind(this);\r\n\twindow.katalonWaiter.katalon_smart_waiter_do_ajax_wait(callback);"
}
[1700647012.137][INFO]: Waiting for pending navigations...
[1700647012.139][INFO]: Done waiting for pending navigations. Status: ok
[1700647012.148][INFO]: Waiting for pending navigations...
[1700647012.148][INFO]: Done waiting for pending navigations. Status: ok
[1700647012.148][INFO]: [84007886ec091036ee73767dcdc554ea] RESPONSE ExecuteAsyncScript ERROR javascript error: Cannot read properties of undefined (reading 'katalon_smart_waiter_do_ajax_wait')
JavaScript stack:
TypeError: Cannot read properties of undefined (reading 'katalon_smart_waiter_do_ajax_wait')
    at eval (eval at executeAsyncScript (:447:26), <anonymous>:4:23)
    at eval (eval at executeAsyncScript (:447:26), <anonymous>:4:70)
    at executeAsyncScript (<anonymous>:447:47)
    at <anonymous>:462:29
    at callFunction (<anonymous>:341:22)
    at <anonymous>:355:23
    at <anonymous>:356:3
  (Session info: chrome=119.0.6045.160)
[1700647012.153][INFO]: [84007886ec091036ee73767dcdc554ea] COMMAND FindElements {
   "using": "xpath",
   "value": "//*[@id=\"details-button\"]"
}
[1700647012.153][INFO]: Waiting for pending navigations...
[1700647012.158][INFO]: Done waiting for pending navigations. Status: ok
[1700647012.162][INFO]: Waiting for pending navigations...
[1700647012.162][INFO]: Done waiting for pending navigations. Status: ok
[1700647012.162][INFO]: [84007886ec091036ee73767dcdc554ea] RESPONSE FindElements [  ]
[1700647012.170][INFO]: [84007886ec091036ee73767dcdc554ea] COMMAND ExecuteAsyncScript {
   "args": [  ],
   "script": "\tvar callback = arguments[arguments.length - 1].bind(this);\r\n\twindow.katalonWaiter.katalon_smart_waiter_do_ajax_wait(callback);"
}
[1700647012.170][INFO]: Waiting for pending navigations...
[1700647012.171][INFO]: Done waiting for pending navigations. Status: ok
[1700647012.174][INFO]: Waiting for pending navigations...
[1700647012.175][INFO]: Done waiting for pending navigations. Status: ok
[1700647012.175][INFO]: [84007886ec091036ee73767dcdc554ea] RESPONSE ExecuteAsyncScript ERROR javascript error: Cannot read properties of undefined (reading 'katalon_smart_waiter_do_ajax_wait')
JavaScript stack:
TypeError: Cannot read properties of undefined (reading 'katalon_smart_waiter_do_ajax_wait')
    at eval (eval at executeAsyncScript (:447:26), <anonymous>:4:23)
    at eval (eval at executeAsyncScript (:447:26), <anonymous>:4:70)
    at executeAsyncScript (<anonymous>:447:47)
    at <anonymous>:462:29
    at callFunction (<anonymous>:341:22)
    at <anonymous>:355:23
    at <anonymous>:356:3
  (Session info: chrome=119.0.6045.160)
[1700647012.186][INFO]: [84007886ec091036ee73767dcdc554ea] COMMAND FindElements {
   "using": "xpath",
   "value": "//*[@id=\"details-button\"]"
}
[1700647012.186][INFO]: Waiting for pending navigations...
[1700647012.186][INFO]: Done waiting for pending navigations. Status: ok
[1700647012.191][INFO]: Waiting for pending navigations...
[1700647012.192][INFO]: Done waiting for pending navigations. Status: ok
[1700647012.192][INFO]: [84007886ec091036ee73767dcdc554ea] RESPONSE FindElements [  ]
[1700647012.210][INFO]: [84007886ec091036ee73767dcdc554ea] COMMAND ExecuteAsyncScript {
   "args": [  ],
   "script": "\tvar callback = arguments[arguments.length - 1].bind(this);\r\n\twindow.katalonWaiter.katalon_smart_waiter_do_ajax_wait(callback);"
}
[1700647012.210][INFO]: Waiting for pending navigations...
[1700647012.211][INFO]: Done waiting for pending navigations. Status: ok
[1700647012.218][INFO]: Waiting for pending navigations...
[1700647012.218][INFO]: Done waiting for pending navigations. Status: ok
[1700647012.219][INFO]: [84007886ec091036ee73767dcdc554ea] RESPONSE ExecuteAsyncScript ERROR javascript error: Cannot read properties of undefined (reading 'katalon_smart_waiter_do_ajax_wait')
JavaScript stack:
TypeError: Cannot read properties of undefined (reading 'katalon_smart_waiter_do_ajax_wait')
    at eval (eval at executeAsyncScript (:447:26), <anonymous>:4:23)
    at eval (eval at executeAsyncScript (:447:26), <anonymous>:4:70)
    at executeAsyncScript (<anonymous>:447:47)
    at <anonymous>:462:29
    at callFunction (<anonymous>:341:22)
    at <anonymous>:355:23
    at <anonymous>:356:3
  (Session info: chrome=119.0.6045.160)
[1700647012.226][INFO]: [84007886ec091036ee73767dcdc554ea] COMMAND FindElements {
   "using": "xpath",
   "value": "//*[@id=\"details-button\"]"
}
[1700647012.226][INFO]: Waiting for pending navigations...
[1700647012.227][INFO]: Done waiting for pending navigations. Status: ok
[1700647012.231][INFO]: Waiting for pending navigations...
[1700647012.231][INFO]: Done waiting for pending navigations. Status: ok
[1700647012.232][INFO]: [84007886ec091036ee73767dcdc554ea] RESPONSE FindElements [  ]
[1700647012.242][INFO]: [84007886ec091036ee73767dcdc554ea] COMMAND ExecuteAsyncScript {
   "args": [  ],
   "script": "\tvar callback = arguments[arguments.length - 1].bind(this);\r\n\twindow.katalonWaiter.katalon_smart_waiter_do_ajax_wait(callback);"
}
[1700647012.242][INFO]: Waiting for pending navigations...
[1700647012.242][INFO]: Done waiting for pending navigations. Status: ok
[1700647012.247][INFO]: Waiting for pending navigations...
[1700647012.248][INFO]: Done waiting for pending navigations. Status: ok
[1700647012.248][INFO]: [84007886ec091036ee73767dcdc554ea] RESPONSE ExecuteAsyncScript ERROR javascript error: Cannot read properties of undefined (reading 'katalon_smart_waiter_do_ajax_wait')
JavaScript stack:
TypeError: Cannot read properties of undefined (reading 'katalon_smart_waiter_do_ajax_wait')
    at eval (eval at executeAsyncScript (:447:26), <anonymous>:4:23)
    at eval (eval at executeAsyncScript (:447:26), <anonymous>:4:70)
    at executeAsyncScript (<anonymous>:447:47)
    at <anonymous>:462:29
    at callFunction (<anonymous>:341:22)
    at <anonymous>:355:23
    at <anonymous>:356:3
  (Session info: chrome=119.0.6045.160)
[1700647012.258][INFO]: [84007886ec091036ee73767dcdc554ea] COMMAND FindElements {
   "using": "xpath",
   "value": "//*[@id=\"details-button\"]"
}
[1700647012.258][INFO]: Waiting for pending navigations...
[1700647012.260][INFO]: Done waiting for pending navigations. Status: ok
[1700647012.267][INFO]: Waiting for pending navigations...
[1700647012.268][INFO]: Done waiting for pending navigations. Status: ok
[1700647012.268][INFO]: [84007886ec091036ee73767dcdc554ea] RESPONSE FindElements [  ]
[1700647012.278][INFO]: [84007886ec091036ee73767dcdc554ea] COMMAND ExecuteAsyncScript {
   "args": [  ],
   "script": "\tvar callback = arguments[arguments.length - 1].bind(this);\r\n\twindow.katalonWaiter.katalon_smart_waiter_do_ajax_wait(callback);"
}
[1700647012.278][INFO]: Waiting for pending navigations...
[1700647012.280][INFO]: Done waiting for pending navigations. Status: ok
[1700647012.286][INFO]: Waiting for pending navigations...
[1700647012.286][INFO]: Done waiting for pending navigations. Status: ok
[1700647012.286][INFO]: [84007886ec091036ee73767dcdc554ea] RESPONSE ExecuteAsyncScript ERROR javascript error: Cannot read properties of undefined (reading 'katalon_smart_waiter_do_ajax_wait')
JavaScript stack:
TypeError: Cannot read properties of undefined (reading 'katalon_smart_waiter_do_ajax_wait')
    at eval (eval at executeAsyncScript (:447:26), <anonymous>:4:23)
    at eval (eval at executeAsyncScript (:447:26), <anonymous>:4:70)
    at executeAsyncScript (<anonymous>:447:47)
    at <anonymous>:462:29
    at callFunction (<anonymous>:341:22)
    at <anonymous>:355:23
    at <anonymous>:356:3
  (Session info: chrome=119.0.6045.160)
[1700647012.294][INFO]: [84007886ec091036ee73767dcdc554ea] COMMAND FindElements {
   "using": "xpath",
   "value": "//*[@id=\"details-button\"]"
}
[1700647012.294][INFO]: Waiting for pending navigations...
[1700647012.294][INFO]: Done waiting for pending navigations. Status: ok
[1700647012.298][INFO]: Waiting for pending navigations...
[1700647012.298][INFO]: Done waiting for pending navigations. Status: ok
[1700647012.298][INFO]: [84007886ec091036ee73767dcdc554ea] RESPONSE FindElements [  ]
[1700647012.309][INFO]: [84007886ec091036ee73767dcdc554ea] COMMAND ExecuteAsyncScript {
   "args": [  ],
   "script": "\tvar callback = arguments[arguments.length - 1].bind(this);\r\n\twindow.katalonWaiter.katalon_smart_waiter_do_ajax_wait(callback);"
}
[1700647012.310][INFO]: Waiting for pending navigations...
[1700647012.311][INFO]: Done waiting for pending navigations. Status: ok
[1700647012.316][INFO]: Waiting for pending navigations...
[1700647012.316][INFO]: Done waiting for pending navigations. Status: ok
[1700647012.316][INFO]: [84007886ec091036ee73767dcdc554ea] RESPONSE ExecuteAsyncScript ERROR javascript error: Cannot read properties of undefined (reading 'katalon_smart_waiter_do_ajax_wait')
JavaScript stack:
TypeError: Cannot read properties of undefined (reading 'katalon_smart_waiter_do_ajax_wait')
    at eval (eval at executeAsyncScript (:447:26), <anonymous>:4:23)
    at eval (eval at executeAsyncScript (:447:26), <anonymous>:4:70)
    at executeAsyncScript (<anonymous>:447:47)
    at <anonymous>:462:29
    at callFunction (<anonymous>:341:22)
    at <anonymous>:355:23
    at <anonymous>:356:3
  (Session info: chrome=119.0.6045.160)
[1700647012.325][INFO]: [84007886ec091036ee73767dcdc554ea] COMMAND FindElements {
   "using": "xpath",
   "value": "//*[@id=\"details-button\"]"
}
[1700647012.325][INFO]: Waiting for pending navigations...
[1700647012.326][INFO]: Done waiting for pending navigations. Status: ok
[1700647012.335][INFO]: Waiting for pending navigations...
[1700647012.335][INFO]: Done waiting for pending navigations. Status: ok
[1700647012.335][INFO]: [84007886ec091036ee73767dcdc554ea] RESPONSE FindElements [  ]
[1700647012.349][INFO]: [84007886ec091036ee73767dcdc554ea] COMMAND ExecuteAsyncScript {
   "args": [  ],
   "script": "\tvar callback = arguments[arguments.length - 1].bind(this);\r\n\twindow.katalonWaiter.katalon_smart_waiter_do_ajax_wait(callback);"
}
[1700647012.349][INFO]: Waiting for pending navigations...
[1700647012.351][INFO]: Done waiting for pending navigations. Status: ok
[1700647012.356][INFO]: Waiting for pending navigations...
[1700647012.356][INFO]: Done waiting for pending navigations. Status: ok
[1700647012.356][INFO]: [84007886ec091036ee73767dcdc554ea] RESPONSE ExecuteAsyncScript ERROR javascript error: Cannot read properties of undefined (reading 'katalon_smart_waiter_do_ajax_wait')
JavaScript stack:
TypeError: Cannot read properties of undefined (reading 'katalon_smart_waiter_do_ajax_wait')
    at eval (eval at executeAsyncScript (:447:26), <anonymous>:4:23)
    at eval (eval at executeAsyncScript (:447:26), <anonymous>:4:70)
    at executeAsyncScript (<anonymous>:447:47)
    at <anonymous>:462:29
    at callFunction (<anonymous>:341:22)
    at <anonymous>:355:23
    at <anonymous>:356:3
  (Session info: chrome=119.0.6045.160)
[1700647012.364][INFO]: [84007886ec091036ee73767dcdc554ea] COMMAND FindElements {
   "using": "xpath",
   "value": "//*[@id=\"details-button\"]"
}
[1700647012.364][INFO]: Waiting for pending navigations...
[1700647012.366][INFO]: Done waiting for pending navigations. Status: ok
[1700647012.370][INFO]: Waiting for pending navigations...
[1700647012.370][INFO]: Done waiting for pending navigations. Status: ok
[1700647012.370][INFO]: [84007886ec091036ee73767dcdc554ea] RESPONSE FindElements [  ]
[1700647012.379][INFO]: [84007886ec091036ee73767dcdc554ea] COMMAND ExecuteAsyncScript {
   "args": [  ],
   "script": "\tvar callback = arguments[arguments.length - 1].bind(this);\r\n\twindow.katalonWaiter.katalon_smart_waiter_do_ajax_wait(callback);"
}
[1700647012.379][INFO]: Waiting for pending navigations...
[1700647012.380][INFO]: Done waiting for pending navigations. Status: ok
[1700647012.384][INFO]: Waiting for pending navigations...
[1700647012.384][INFO]: Done waiting for pending navigations. Status: ok
[1700647012.384][INFO]: [84007886ec091036ee73767dcdc554ea] RESPONSE ExecuteAsyncScript ERROR javascript error: Cannot read properties of undefined (reading 'katalon_smart_waiter_do_ajax_wait')
JavaScript stack:
TypeError: Cannot read properties of undefined (reading 'katalon_smart_waiter_do_ajax_wait')
    at eval (eval at executeAsyncScript (:447:26), <anonymous>:4:23)
    at eval (eval at executeAsyncScript (:447:26), <anonymous>:4:70)
    at executeAsyncScript (<anonymous>:447:47)
    at <anonymous>:462:29
    at callFunction (<anonymous>:341:22)
    at <anonymous>:355:23
    at <anonymous>:356:3
  (Session info: chrome=119.0.6045.160)
[1700647012.397][INFO]: [84007886ec091036ee73767dcdc554ea] COMMAND FindElements {
   "using": "xpath",
   "value": "//*[@id=\"details-button\"]"
}
[1700647012.397][INFO]: Waiting for pending navigations...
[1700647012.398][INFO]: Done waiting for pending navigations. Status: ok
[1700647012.404][INFO]: Waiting for pending navigations...
[1700647012.404][INFO]: Done waiting for pending navigations. Status: ok
[1700647012.404][INFO]: [84007886ec091036ee73767dcdc554ea] RESPONSE FindElements [  ]
[1700647012.407][INFO]: [84007886ec091036ee73767dcdc554ea] COMMAND ExecuteAsyncScript {
   "args": [  ],
   "script": "\tvar callback = arguments[arguments.length - 1].bind(this);\r\n\twindow.katalonWaiter.katalon_smart_waiter_do_ajax_wait(callback);"
}
[1700647012.407][INFO]: Waiting for pending navigations...
[1700647012.408][INFO]: Done waiting for pending navigations. Status: ok
[1700647012.413][INFO]: Waiting for pending navigations...
[1700647012.413][INFO]: Done waiting for pending navigations. Status: ok
[1700647012.413][INFO]: [84007886ec091036ee73767dcdc554ea] RESPONSE ExecuteAsyncScript ERROR javascript error: Cannot read properties of undefined (reading 'katalon_smart_waiter_do_ajax_wait')
JavaScript stack:
TypeError: Cannot read properties of undefined (reading 'katalon_smart_waiter_do_ajax_wait')
    at eval (eval at executeAsyncScript (:447:26), <anonymous>:4:23)
    at eval (eval at executeAsyncScript (:447:26), <anonymous>:4:70)
    at executeAsyncScript (<anonymous>:447:47)
    at <anonymous>:462:29
    at callFunction (<anonymous>:341:22)
    at <anonymous>:355:23
    at <anonymous>:356:3
  (Session info: chrome=119.0.6045.160)
[1700647012.422][INFO]: [84007886ec091036ee73767dcdc554ea] COMMAND FindElements {
   "using": "xpath",
   "value": "//*[@id=\"details-button\"]"
}
[1700647012.422][INFO]: Waiting for pending navigations...
[1700647012.423][INFO]: Done waiting for pending navigations. Status: ok
[1700647012.427][INFO]: Waiting for pending navigations...
[1700647012.427][INFO]: Done waiting for pending navigations. Status: ok
[1700647012.428][INFO]: [84007886ec091036ee73767dcdc554ea] RESPONSE FindElements [  ]
[1700647012.438][INFO]: [84007886ec091036ee73767dcdc554ea] COMMAND ExecuteAsyncScript {
   "args": [  ],
   "script": "\tvar callback = arguments[arguments.length - 1].bind(this);\r\n\twindow.katalonWaiter.katalon_smart_waiter_do_ajax_wait(callback);"
}
[1700647012.438][INFO]: Waiting for pending navigations...
[1700647012.440][INFO]: Done waiting for pending navigations. Status: ok
[1700647012.445][INFO]: Waiting for pending navigations...
[1700647012.445][INFO]: Done waiting for pending navigations. Status: ok
[1700647012.445][INFO]: [84007886ec091036ee73767dcdc554ea] RESPONSE ExecuteAsyncScript ERROR javascript error: Cannot read properties of undefined (reading 'katalon_smart_waiter_do_ajax_wait')
JavaScript stack:
TypeError: Cannot read properties of undefined (reading 'katalon_smart_waiter_do_ajax_wait')
    at eval (eval at executeAsyncScript (:447:26), <anonymous>:4:23)
    at eval (eval at executeAsyncScript (:447:26), <anonymous>:4:70)
    at executeAsyncScript (<anonymous>:447:47)
    at <anonymous>:462:29
    at callFunction (<anonymous>:341:22)
    at <anonymous>:355:23
    at <anonymous>:356:3
  (Session info: chrome=119.0.6045.160)
[1700647012.454][INFO]: [84007886ec091036ee73767dcdc554ea] COMMAND FindElements {
   "using": "xpath",
   "value": "//*[@id=\"details-button\"]"
}
[1700647012.454][INFO]: Waiting for pending navigations...
[1700647012.455][INFO]: Done waiting for pending navigations. Status: ok
[1700647012.460][INFO]: Waiting for pending navigations...
[1700647012.460][INFO]: Done waiting for pending navigations. Status: ok
[1700647012.461][INFO]: [84007886ec091036ee73767dcdc554ea] RESPONSE FindElements [  ]
[1700647012.472][INFO]: [84007886ec091036ee73767dcdc554ea] COMMAND ExecuteAsyncScript {
   "args": [  ],
   "script": "\tvar callback = arguments[arguments.length - 1].bind(this);\r\n\twindow.katalonWaiter.katalon_smart_waiter_do_ajax_wait(callback);"
}
[1700647012.472][INFO]: Waiting for pending navigations...
[1700647012.474][INFO]: Done waiting for pending navigations. Status: ok
[1700647012.480][INFO]: Waiting for pending navigations...
[1700647012.480][INFO]: Done waiting for pending navigations. Status: ok
[1700647012.480][INFO]: [84007886ec091036ee73767dcdc554ea] RESPONSE ExecuteAsyncScript ERROR javascript error: Cannot read properties of undefined (reading 'katalon_smart_waiter_do_ajax_wait')
JavaScript stack:
TypeError: Cannot read properties of undefined (reading 'katalon_smart_waiter_do_ajax_wait')
    at eval (eval at executeAsyncScript (:447:26), <anonymous>:4:23)
    at eval (eval at executeAsyncScript (:447:26), <anonymous>:4:70)
    at executeAsyncScript (<anonymous>:447:47)
    at <anonymous>:462:29
    at callFunction (<anonymous>:341:22)
    at <anonymous>:355:23
    at <anonymous>:356:3
  (Session info: chrome=119.0.6045.160)
[1700647012.488][INFO]: [84007886ec091036ee73767dcdc554ea] COMMAND FindElements {
   "using": "xpath",
   "value": "//*[@id=\"details-button\"]"
}
[1700647012.488][INFO]: Waiting for pending navigations...
[1700647012.490][INFO]: Done waiting for pending navigations. Status: ok
[1700647012.496][INFO]: Waiting for pending navigations...
[1700647012.497][INFO]: Done waiting for pending navigations. Status: ok
[1700647012.497][INFO]: [84007886ec091036ee73767dcdc554ea] RESPONSE FindElements [  ]
[1700647012.503][INFO]: [84007886ec091036ee73767dcdc554ea] COMMAND ExecuteAsyncScript {
   "args": [  ],
   "script": "\tvar callback = arguments[arguments.length - 1].bind(this);\r\n\twindow.katalonWaiter.katalon_smart_waiter_do_ajax_wait(callback);"
}
[1700647012.503][INFO]: Waiting for pending navigations...
[1700647012.504][INFO]: Done waiting for pending navigations. Status: ok
[1700647012.510][INFO]: Waiting for pending navigations...
[1700647012.510][INFO]: Done waiting for pending navigations. Status: ok
[1700647012.511][INFO]: [84007886ec091036ee73767dcdc554ea] RESPONSE ExecuteAsyncScript ERROR javascript error: Cannot read properties of undefined (reading 'katalon_smart_waiter_do_ajax_wait')
JavaScript stack:
TypeError: Cannot read properties of undefined (reading 'katalon_smart_waiter_do_ajax_wait')
    at eval (eval at executeAsyncScript (:447:26), <anonymous>:4:23)
    at eval (eval at executeAsyncScript (:447:26), <anonymous>:4:70)
    at executeAsyncScript (<anonymous>:447:47)
    at <anonymous>:462:29
    at callFunction (<anonymous>:341:22)
    at <anonymous>:355:23
    at <anonymous>:356:3
  (Session info: chrome=119.0.6045.160)
[1700647012.519][INFO]: [84007886ec091036ee73767dcdc554ea] COMMAND FindElements {
   "using": "xpath",
   "value": "//*[@id=\"details-button\"]"
}
[1700647012.519][INFO]: Waiting for pending navigations...
[1700647012.519][INFO]: Done waiting for pending navigations. Status: ok
[1700647012.523][INFO]: Waiting for pending navigations...
[1700647012.523][INFO]: Done waiting for pending navigations. Status: ok
[1700647012.523][INFO]: [84007886ec091036ee73767dcdc554ea] RESPONSE FindElements [  ]
[1700647012.539][INFO]: [84007886ec091036ee73767dcdc554ea] COMMAND ExecuteAsyncScript {
   "args": [  ],
   "script": "\tvar callback = arguments[arguments.length - 1].bind(this);\r\n\twindow.katalonWaiter.katalon_smart_waiter_do_ajax_wait(callback);"
}
[1700647012.539][INFO]: Waiting for pending navigations...
[1700647012.540][INFO]: Done waiting for pending navigations. Status: ok
[1700647012.547][INFO]: Waiting for pending navigations...
[1700647012.547][INFO]: Done waiting for pending navigations. Status: ok
[1700647012.547][INFO]: [84007886ec091036ee73767dcdc554ea] RESPONSE ExecuteAsyncScript ERROR javascript error: Cannot read properties of undefined (reading 'katalon_smart_waiter_do_ajax_wait')
JavaScript stack:
TypeError: Cannot read properties of undefined (reading 'katalon_smart_waiter_do_ajax_wait')
    at eval (eval at executeAsyncScript (:447:26), <anonymous>:4:23)
    at eval (eval at executeAsyncScript (:447:26), <anonymous>:4:70)
    at executeAsyncScript (<anonymous>:447:47)
    at <anonymous>:462:29
    at callFunction (<anonymous>:341:22)
    at <anonymous>:355:23
    at <anonymous>:356:3
  (Session info: chrome=119.0.6045.160)
[1700647012.554][INFO]: [84007886ec091036ee73767dcdc554ea] COMMAND FindElements {
   "using": "xpath",
   "value": "//*[@id=\"details-button\"]"
}
[1700647012.555][INFO]: Waiting for pending navigations...
[1700647012.555][INFO]: Done waiting for pending navigations. Status: ok
[1700647012.559][INFO]: Waiting for pending navigations...
[1700647012.560][INFO]: Done waiting for pending navigations. Status: ok
[1700647012.560][INFO]: [84007886ec091036ee73767dcdc554ea] RESPONSE FindElements [  ]
[1700647012.570][INFO]: [84007886ec091036ee73767dcdc554ea] COMMAND ExecuteAsyncScript {
   "args": [  ],
   "script": "\tvar callback = arguments[arguments.length - 1].bind(this);\r\n\twindow.katalonWaiter.katalon_smart_waiter_do_ajax_wait(callback);"
}
[1700647012.570][INFO]: Waiting for pending navigations...
[1700647012.570][INFO]: Done waiting for pending navigations. Status: ok
[1700647012.576][INFO]: Waiting for pending navigations...
[1700647012.576][INFO]: Done waiting for pending navigations. Status: ok
[1700647012.576][INFO]: [84007886ec091036ee73767dcdc554ea] RESPONSE ExecuteAsyncScript ERROR javascript error: Cannot read properties of undefined (reading 'katalon_smart_waiter_do_ajax_wait')
JavaScript stack:
TypeError: Cannot read properties of undefined (reading 'katalon_smart_waiter_do_ajax_wait')
    at eval (eval at executeAsyncScript (:447:26), <anonymous>:4:23)
    at eval (eval at executeAsyncScript (:447:26), <anonymous>:4:70)
    at executeAsyncScript (<anonymous>:447:47)
    at <anonymous>:462:29
    at callFunction (<anonymous>:341:22)
    at <anonymous>:355:23
    at <anonymous>:356:3
  (Session info: chrome=119.0.6045.160)
[1700647012.585][INFO]: [84007886ec091036ee73767dcdc554ea] COMMAND FindElements {
   "using": "xpath",
   "value": "//*[@id=\"details-button\"]"
}
[1700647012.585][INFO]: Waiting for pending navigations...
[1700647012.586][INFO]: Done waiting for pending navigations. Status: ok
[1700647012.590][INFO]: Waiting for pending navigations...
[1700647012.590][INFO]: Done waiting for pending navigations. Status: ok
[1700647012.590][INFO]: [84007886ec091036ee73767dcdc554ea] RESPONSE FindElements [  ]
[1700647012.608][INFO]: [84007886ec091036ee73767dcdc554ea] COMMAND ExecuteAsyncScript {
   "args": [  ],
   "script": "\tvar callback = arguments[arguments.length - 1].bind(this);\r\n\twindow.katalonWaiter.katalon_smart_waiter_do_ajax_wait(callback);"
}
[1700647012.609][INFO]: Waiting for pending navigations...
[1700647012.611][INFO]: Done waiting for pending navigations. Status: ok
[1700647012.618][INFO]: Waiting for pending navigations...
[1700647012.618][INFO]: Done waiting for pending navigations. Status: ok
[1700647012.618][INFO]: [84007886ec091036ee73767dcdc554ea] RESPONSE ExecuteAsyncScript ERROR javascript error: Cannot read properties of undefined (reading 'katalon_smart_waiter_do_ajax_wait')
JavaScript stack:
TypeError: Cannot read properties of undefined (reading 'katalon_smart_waiter_do_ajax_wait')
    at eval (eval at executeAsyncScript (:447:26), <anonymous>:4:23)
    at eval (eval at executeAsyncScript (:447:26), <anonymous>:4:70)
    at executeAsyncScript (<anonymous>:447:47)
    at <anonymous>:462:29
    at callFunction (<anonymous>:341:22)
    at <anonymous>:355:23
    at <anonymous>:356:3
  (Session info: chrome=119.0.6045.160)
[1700647012.624][INFO]: [84007886ec091036ee73767dcdc554ea] COMMAND FindElements {
   "using": "xpath",
   "value": "//*[@id=\"details-button\"]"
}
[1700647012.624][INFO]: Waiting for pending navigations...
[1700647012.625][INFO]: Done waiting for pending navigations. Status: ok
[1700647012.630][INFO]: Waiting for pending navigations...
[1700647012.630][INFO]: Done waiting for pending navigations. Status: ok
[1700647012.630][INFO]: [84007886ec091036ee73767dcdc554ea] RESPONSE FindElements [  ]
[1700647012.639][INFO]: [84007886ec091036ee73767dcdc554ea] COMMAND ExecuteAsyncScript {
   "args": [  ],
   "script": "\tvar callback = arguments[arguments.length - 1].bind(this);\r\n\twindow.katalonWaiter.katalon_smart_waiter_do_ajax_wait(callback);"
}
[1700647012.639][INFO]: Waiting for pending navigations...
[1700647012.640][INFO]: Done waiting for pending navigations. Status: ok
[1700647012.645][INFO]: Waiting for pending navigations...
[1700647012.645][INFO]: Done waiting for pending navigations. Status: ok
[1700647012.645][INFO]: [84007886ec091036ee73767dcdc554ea] RESPONSE ExecuteAsyncScript ERROR javascript error: Cannot read properties of undefined (reading 'katalon_smart_waiter_do_ajax_wait')
JavaScript stack:
TypeError: Cannot read properties of undefined (reading 'katalon_smart_waiter_do_ajax_wait')
    at eval (eval at executeAsyncScript (:447:26), <anonymous>:4:23)
    at eval (eval at executeAsyncScript (:447:26), <anonymous>:4:70)
    at executeAsyncScript (<anonymous>:447:47)
    at <anonymous>:462:29
    at callFunction (<anonymous>:341:22)
    at <anonymous>:355:23
    at <anonymous>:356:3
  (Session info: chrome=119.0.6045.160)
[1700647012.654][INFO]: [84007886ec091036ee73767dcdc554ea] COMMAND FindElements {
   "using": "xpath",
   "value": "//*[@id=\"details-button\"]"
}
[1700647012.654][INFO]: Waiting for pending navigations...
[1700647012.655][INFO]: Done waiting for pending navigations. Status: ok
[1700647012.662][INFO]: Waiting for pending navigations...
[1700647012.664][INFO]: Done waiting for pending navigations. Status: ok
[1700647012.665][INFO]: [84007886ec091036ee73767dcdc554ea] RESPONSE FindElements [  ]
[1700647012.676][INFO]: [84007886ec091036ee73767dcdc554ea] COMMAND ExecuteAsyncScript {
   "args": [  ],
   "script": "\tvar callback = arguments[arguments.length - 1].bind(this);\r\n\twindow.katalonWaiter.katalon_smart_waiter_do_ajax_wait(callback);"
}
[1700647012.676][INFO]: Waiting for pending navigations...
[1700647012.678][INFO]: Done waiting for pending navigations. Status: ok
[1700647012.682][INFO]: Waiting for pending navigations...
[1700647012.682][INFO]: Done waiting for pending navigations. Status: ok
[1700647012.682][INFO]: [84007886ec091036ee73767dcdc554ea] RESPONSE ExecuteAsyncScript ERROR javascript error: Cannot read properties of undefined (reading 'katalon_smart_waiter_do_ajax_wait')
JavaScript stack:
TypeError: Cannot read properties of undefined (reading 'katalon_smart_waiter_do_ajax_wait')
    at eval (eval at executeAsyncScript (:447:26), <anonymous>:4:23)
    at eval (eval at executeAsyncScript (:447:26), <anonymous>:4:70)
    at executeAsyncScript (<anonymous>:447:47)
    at <anonymous>:462:29
    at callFunction (<anonymous>:341:22)
    at <anonymous>:355:23
    at <anonymous>:356:3
  (Session info: chrome=119.0.6045.160)
[1700647012.692][INFO]: [84007886ec091036ee73767dcdc554ea] COMMAND FindElements {
   "using": "xpath",
   "value": "//*[@id=\"details-button\"]"
}
[1700647012.692][INFO]: Waiting for pending navigations...
[1700647012.694][INFO]: Done waiting for pending navigations. Status: ok
[1700647012.697][INFO]: Waiting for pending navigations...
[1700647012.697][INFO]: Done waiting for pending navigations. Status: ok
[1700647012.697][INFO]: [84007886ec091036ee73767dcdc554ea] RESPONSE FindElements [  ]
[1700647012.711][INFO]: [84007886ec091036ee73767dcdc554ea] COMMAND ExecuteAsyncScript {
   "args": [  ],
   "script": "\tvar callback = arguments[arguments.length - 1].bind(this);\r\n\twindow.katalonWaiter.katalon_smart_waiter_do_ajax_wait(callback);"
}
[1700647012.711][INFO]: Waiting for pending navigations...
[1700647012.711][INFO]: Done waiting for pending navigations. Status: ok
[1700647012.716][INFO]: Waiting for pending navigations...
[1700647012.716][INFO]: Done waiting for pending navigations. Status: ok
[1700647012.716][INFO]: [84007886ec091036ee73767dcdc554ea] RESPONSE ExecuteAsyncScript ERROR javascript error: Cannot read properties of undefined (reading 'katalon_smart_waiter_do_ajax_wait')
JavaScript stack:
TypeError: Cannot read properties of undefined (reading 'katalon_smart_waiter_do_ajax_wait')
    at eval (eval at executeAsyncScript (:447:26), <anonymous>:4:23)
    at eval (eval at executeAsyncScript (:447:26), <anonymous>:4:70)
    at executeAsyncScript (<anonymous>:447:47)
    at <anonymous>:462:29
    at callFunction (<anonymous>:341:22)
    at <anonymous>:355:23
    at <anonymous>:356:3
  (Session info: chrome=119.0.6045.160)
[1700647012.726][INFO]: [84007886ec091036ee73767dcdc554ea] COMMAND FindElements {
   "using": "xpath",
   "value": "//*[@id=\"details-button\"]"
}
[1700647012.726][INFO]: Waiting for pending navigations...
[1700647012.731][INFO]: Done waiting for pending navigations. Status: ok
[1700647012.736][INFO]: Waiting for pending navigations...
[1700647012.737][INFO]: Done waiting for pending navigations. Status: ok
[1700647012.737][INFO]: [84007886ec091036ee73767dcdc554ea] RESPONSE FindElements [  ]
[1700647012.750][INFO]: [84007886ec091036ee73767dcdc554ea] COMMAND ExecuteAsyncScript {
   "args": [  ],
   "script": "\tvar callback = arguments[arguments.length - 1].bind(this);\r\n\twindow.katalonWaiter.katalon_smart_waiter_do_ajax_wait(callback);"
}
[1700647012.751][INFO]: Waiting for pending navigations...
[1700647012.752][INFO]: Done waiting for pending navigations. Status: ok
[1700647012.757][INFO]: Waiting for pending navigations...
[1700647012.757][INFO]: Done waiting for pending navigations. Status: ok
[1700647012.757][INFO]: [84007886ec091036ee73767dcdc554ea] RESPONSE ExecuteAsyncScript ERROR javascript error: Cannot read properties of undefined (reading 'katalon_smart_waiter_do_ajax_wait')
JavaScript stack:
TypeError: Cannot read properties of undefined (reading 'katalon_smart_waiter_do_ajax_wait')
    at eval (eval at executeAsyncScript (:447:26), <anonymous>:4:23)
    at eval (eval at executeAsyncScript (:447:26), <anonymous>:4:70)
    at executeAsyncScript (<anonymous>:447:47)
    at <anonymous>:462:29
    at callFunction (<anonymous>:341:22)
    at <anonymous>:355:23
    at <anonymous>:356:3
  (Session info: chrome=119.0.6045.160)
[1700647012.766][INFO]: [84007886ec091036ee73767dcdc554ea] COMMAND FindElements {
   "using": "xpath",
   "value": "//*[@id=\"details-button\"]"
}
[1700647012.767][INFO]: Waiting for pending navigations...
[1700647012.767][INFO]: Done waiting for pending navigations. Status: ok
[1700647012.773][INFO]: Waiting for pending navigations...
[1700647012.773][INFO]: Done waiting for pending navigations. Status: ok
[1700647012.773][INFO]: [84007886ec091036ee73767dcdc554ea] RESPONSE FindElements [  ]
[1700647012.782][INFO]: [84007886ec091036ee73767dcdc554ea] COMMAND ExecuteAsyncScript {
   "args": [  ],
   "script": "\tvar callback = arguments[arguments.length - 1].bind(this);\r\n\twindow.katalonWaiter.katalon_smart_waiter_do_ajax_wait(callback);"
}
[1700647012.782][INFO]: Waiting for pending navigations...
[1700647012.783][INFO]: Done waiting for pending navigations. Status: ok
[1700647012.790][INFO]: Waiting for pending navigations...
[1700647012.791][INFO]: Done waiting for pending navigations. Status: ok
[1700647012.791][INFO]: [84007886ec091036ee73767dcdc554ea] RESPONSE ExecuteAsyncScript ERROR javascript error: Cannot read properties of undefined (reading 'katalon_smart_waiter_do_ajax_wait')
JavaScript stack:
TypeError: Cannot read properties of undefined (reading 'katalon_smart_waiter_do_ajax_wait')
    at eval (eval at executeAsyncScript (:447:26), <anonymous>:4:23)
    at eval (eval at executeAsyncScript (:447:26), <anonymous>:4:70)
    at executeAsyncScript (<anonymous>:447:47)
    at <anonymous>:462:29
    at callFunction (<anonymous>:341:22)
    at <anonymous>:355:23
    at <anonymous>:356:3
  (Session info: chrome=119.0.6045.160)
[1700647012.798][INFO]: [84007886ec091036ee73767dcdc554ea] COMMAND FindElements {
   "using": "xpath",
   "value": "//*[@id=\"details-button\"]"
}
[1700647012.798][INFO]: Waiting for pending navigations...
[1700647012.800][INFO]: Done waiting for pending navigations. Status: ok
[1700647012.803][INFO]: Waiting for pending navigations...
[1700647012.804][INFO]: Done waiting for pending navigations. Status: ok
[1700647012.804][INFO]: [84007886ec091036ee73767dcdc554ea] RESPONSE FindElements [  ]
[1700647012.814][INFO]: [84007886ec091036ee73767dcdc554ea] COMMAND ExecuteAsyncScript {
   "args": [  ],
   "script": "\tvar callback = arguments[arguments.length - 1].bind(this);\r\n\twindow.katalonWaiter.katalon_smart_waiter_do_ajax_wait(callback);"
}
[1700647012.814][INFO]: Waiting for pending navigations...
[1700647012.815][INFO]: Done waiting for pending navigations. Status: ok
[1700647012.821][INFO]: Waiting for pending navigations...
[1700647012.821][INFO]: Done waiting for pending navigations. Status: ok
[1700647012.821][INFO]: [84007886ec091036ee73767dcdc554ea] RESPONSE ExecuteAsyncScript ERROR javascript error: Cannot read properties of undefined (reading 'katalon_smart_waiter_do_ajax_wait')
JavaScript stack:
TypeError: Cannot read properties of undefined (reading 'katalon_smart_waiter_do_ajax_wait')
    at eval (eval at executeAsyncScript (:447:26), <anonymous>:4:23)
    at eval (eval at executeAsyncScript (:447:26), <anonymous>:4:70)
    at executeAsyncScript (<anonymous>:447:47)
    at <anonymous>:462:29
    at callFunction (<anonymous>:341:22)
    at <anonymous>:355:23
    at <anonymous>:356:3
  (Session info: chrome=119.0.6045.160)
[1700647012.829][INFO]: [84007886ec091036ee73767dcdc554ea] COMMAND FindElements {
   "using": "xpath",
   "value": "//*[@id=\"details-button\"]"
}
[1700647012.830][INFO]: Waiting for pending navigations...
[1700647012.831][INFO]: Done waiting for pending navigations. Status: ok
[1700647012.835][INFO]: Waiting for pending navigations...
[1700647012.837][INFO]: Done waiting for pending navigations. Status: ok
[1700647012.837][INFO]: [84007886ec091036ee73767dcdc554ea] RESPONSE FindElements [  ]
[1700647012.846][INFO]: [84007886ec091036ee73767dcdc554ea] COMMAND ExecuteAsyncScript {
   "args": [  ],
   "script": "\tvar callback = arguments[arguments.length - 1].bind(this);\r\n\twindow.katalonWaiter.katalon_smart_waiter_do_ajax_wait(callback);"
}
[1700647012.846][INFO]: Waiting for pending navigations...
[1700647012.847][INFO]: Done waiting for pending navigations. Status: ok
[1700647012.853][INFO]: Waiting for pending navigations...
[1700647012.854][INFO]: Done waiting for pending navigations. Status: ok
[1700647012.854][INFO]: [84007886ec091036ee73767dcdc554ea] RESPONSE ExecuteAsyncScript ERROR javascript error: Cannot read properties of undefined (reading 'katalon_smart_waiter_do_ajax_wait')
JavaScript stack:
TypeError: Cannot read properties of undefined (reading 'katalon_smart_waiter_do_ajax_wait')
    at eval (eval at executeAsyncScript (:447:26), <anonymous>:4:23)
    at eval (eval at executeAsyncScript (:447:26), <anonymous>:4:70)
    at executeAsyncScript (<anonymous>:447:47)
    at <anonymous>:462:29
    at callFunction (<anonymous>:341:22)
    at <anonymous>:355:23
    at <anonymous>:356:3
  (Session info: chrome=119.0.6045.160)
[1700647012.864][INFO]: [84007886ec091036ee73767dcdc554ea] COMMAND FindElements {
   "using": "xpath",
   "value": "//*[@id=\"details-button\"]"
}
[1700647012.864][INFO]: Waiting for pending navigations...
[1700647012.866][INFO]: Done waiting for pending navigations. Status: ok
[1700647012.870][INFO]: Waiting for pending navigations...
[1700647012.871][INFO]: Done waiting for pending navigations. Status: ok
[1700647012.871][INFO]: [84007886ec091036ee73767dcdc554ea] RESPONSE FindElements [  ]
[1700647012.881][INFO]: [84007886ec091036ee73767dcdc554ea] COMMAND ExecuteAsyncScript {
   "args": [  ],
   "script": "\tvar callback = arguments[arguments.length - 1].bind(this);\r\n\twindow.katalonWaiter.katalon_smart_waiter_do_ajax_wait(callback);"
}
[1700647012.881][INFO]: Waiting for pending navigations...
[1700647012.882][INFO]: Done waiting for pending navigations. Status: ok
[1700647012.889][INFO]: Waiting for pending navigations...
[1700647012.889][INFO]: Done waiting for pending navigations. Status: ok
[1700647012.889][INFO]: [84007886ec091036ee73767dcdc554ea] RESPONSE ExecuteAsyncScript ERROR javascript error: Cannot read properties of undefined (reading 'katalon_smart_waiter_do_ajax_wait')
JavaScript stack:
TypeError: Cannot read properties of undefined (reading 'katalon_smart_waiter_do_ajax_wait')
    at eval (eval at executeAsyncScript (:447:26), <anonymous>:4:23)
    at eval (eval at executeAsyncScript (:447:26), <anonymous>:4:70)
    at executeAsyncScript (<anonymous>:447:47)
    at <anonymous>:462:29
    at callFunction (<anonymous>:341:22)
    at <anonymous>:355:23
    at <anonymous>:356:3
  (Session info: chrome=119.0.6045.160)
[1700647012.897][INFO]: [84007886ec091036ee73767dcdc554ea] COMMAND FindElements {
   "using": "xpath",
   "value": "//*[@id=\"details-button\"]"
}
[1700647012.897][INFO]: Waiting for pending navigations...
[1700647012.899][INFO]: Done waiting for pending navigations. Status: ok
[1700647012.904][INFO]: Waiting for pending navigations...
[1700647012.904][INFO]: Done waiting for pending navigations. Status: ok
[1700647012.904][INFO]: [84007886ec091036ee73767dcdc554ea] RESPONSE FindElements [  ]
[1700647012.912][INFO]: [84007886ec091036ee73767dcdc554ea] COMMAND ExecuteAsyncScript {
   "args": [  ],
   "script": "\tvar callback = arguments[arguments.length - 1].bind(this);\r\n\twindow.katalonWaiter.katalon_smart_waiter_do_ajax_wait(callback);"
}
[1700647012.912][INFO]: Waiting for pending navigations...
[1700647012.913][INFO]: Done waiting for pending navigations. Status: ok
[1700647012.918][INFO]: Waiting for pending navigations...
[1700647012.918][INFO]: Done waiting for pending navigations. Status: ok
[1700647012.918][INFO]: [84007886ec091036ee73767dcdc554ea] RESPONSE ExecuteAsyncScript ERROR javascript error: Cannot read properties of undefined (reading 'katalon_smart_waiter_do_ajax_wait')
JavaScript stack:
TypeError: Cannot read properties of undefined (reading 'katalon_smart_waiter_do_ajax_wait')
    at eval (eval at executeAsyncScript (:447:26), <anonymous>:4:23)
    at eval (eval at executeAsyncScript (:447:26), <anonymous>:4:70)
    at executeAsyncScript (<anonymous>:447:47)
    at <anonymous>:462:29
    at callFunction (<anonymous>:341:22)
    at <anonymous>:355:23
    at <anonymous>:356:3
  (Session info: chrome=119.0.6045.160)
[1700647012.927][INFO]: [84007886ec091036ee73767dcdc554ea] COMMAND FindElements {
   "using": "xpath",
   "value": "//*[@id=\"details-button\"]"
}
[1700647012.928][INFO]: Waiting for pending navigations...
[1700647012.931][INFO]: Done waiting for pending navigations. Status: ok
[1700647012.938][INFO]: Waiting for pending navigations...
[1700647012.938][INFO]: Done waiting for pending navigations. Status: ok
[1700647012.938][INFO]: [84007886ec091036ee73767dcdc554ea] RESPONSE FindElements [  ]
[1700647012.951][INFO]: [84007886ec091036ee73767dcdc554ea] COMMAND ExecuteAsyncScript {
   "args": [  ],
   "script": "\tvar callback = arguments[arguments.length - 1].bind(this);\r\n\twindow.katalonWaiter.katalon_smart_waiter_do_ajax_wait(callback);"
}
[1700647012.951][INFO]: Waiting for pending navigations...
[1700647012.952][INFO]: Done waiting for pending navigations. Status: ok
[1700647012.959][INFO]: Waiting for pending navigations...
[1700647012.959][INFO]: Done waiting for pending navigations. Status: ok
[1700647012.960][INFO]: [84007886ec091036ee73767dcdc554ea] RESPONSE ExecuteAsyncScript ERROR javascript error: Cannot read properties of undefined (reading 'katalon_smart_waiter_do_ajax_wait')
JavaScript stack:
TypeError: Cannot read properties of undefined (reading 'katalon_smart_waiter_do_ajax_wait')
    at eval (eval at executeAsyncScript (:447:26), <anonymous>:4:23)
    at eval (eval at executeAsyncScript (:447:26), <anonymous>:4:70)
    at executeAsyncScript (<anonymous>:447:47)
    at <anonymous>:462:29
    at callFunction (<anonymous>:341:22)
    at <anonymous>:355:23
    at <anonymous>:356:3
  (Session info: chrome=119.0.6045.160)
[1700647012.967][INFO]: [84007886ec091036ee73767dcdc554ea] COMMAND FindElements {
   "using": "xpath",
   "value": "//*[@id=\"details-button\"]"
}
[1700647012.967][INFO]: Waiting for pending navigations...
[1700647012.968][INFO]: Done waiting for pending navigations. Status: ok
[1700647012.973][INFO]: Waiting for pending navigations...
[1700647012.974][INFO]: Done waiting for pending navigations. Status: ok
[1700647012.974][INFO]: [84007886ec091036ee73767dcdc554ea] RESPONSE FindElements [  ]
[1700647012.988][INFO]: [84007886ec091036ee73767dcdc554ea] COMMAND ExecuteAsyncScript {
   "args": [  ],
   "script": "\tvar callback = arguments[arguments.length - 1].bind(this);\r\n\twindow.katalonWaiter.katalon_smart_waiter_do_ajax_wait(callback);"
}
[1700647012.988][INFO]: Waiting for pending navigations...
[1700647012.990][INFO]: Done waiting for pending navigations. Status: ok
[1700647012.999][INFO]: Waiting for pending navigations...
[1700647013.000][INFO]: Done waiting for pending navigations. Status: ok
[1700647013.000][INFO]: [84007886ec091036ee73767dcdc554ea] RESPONSE ExecuteAsyncScript ERROR javascript error: Cannot read properties of undefined (reading 'katalon_smart_waiter_do_ajax_wait')
JavaScript stack:
TypeError: Cannot read properties of undefined (reading 'katalon_smart_waiter_do_ajax_wait')
    at eval (eval at executeAsyncScript (:447:26), <anonymous>:4:23)
    at eval (eval at executeAsyncScript (:447:26), <anonymous>:4:70)
    at executeAsyncScript (<anonymous>:447:47)
    at <anonymous>:462:29
    at callFunction (<anonymous>:341:22)
    at <anonymous>:355:23
    at <anonymous>:356:3
  (Session info: chrome=119.0.6045.160)
[1700647013.003][INFO]: [84007886ec091036ee73767dcdc554ea] COMMAND FindElements {
   "using": "xpath",
   "value": "//*[@id=\"details-button\"]"
}
[1700647013.003][INFO]: Waiting for pending navigations...
[1700647013.005][INFO]: Done waiting for pending navigations. Status: ok
[1700647013.011][INFO]: Waiting for pending navigations...
[1700647013.012][INFO]: Done waiting for pending navigations. Status: ok
[1700647013.012][INFO]: [84007886ec091036ee73767dcdc554ea] RESPONSE FindElements [  ]
[1700647013.028][INFO]: [84007886ec091036ee73767dcdc554ea] COMMAND ExecuteAsyncScript {
   "args": [  ],
   "script": "\tvar callback = arguments[arguments.length - 1].bind(this);\r\n\twindow.katalonWaiter.katalon_smart_waiter_do_ajax_wait(callback);"
}
[1700647013.028][INFO]: Waiting for pending navigations...
[1700647013.029][INFO]: Done waiting for pending navigations. Status: ok
[1700647013.036][INFO]: Waiting for pending navigations...
[1700647013.037][INFO]: Done waiting for pending navigations. Status: ok
[1700647013.037][INFO]: [84007886ec091036ee73767dcdc554ea] RESPONSE ExecuteAsyncScript ERROR javascript error: Cannot read properties of undefined (reading 'katalon_smart_waiter_do_ajax_wait')
JavaScript stack:
TypeError: Cannot read properties of undefined (reading 'katalon_smart_waiter_do_ajax_wait')
    at eval (eval at executeAsyncScript (:447:26), <anonymous>:4:23)
    at eval (eval at executeAsyncScript (:447:26), <anonymous>:4:70)
    at executeAsyncScript (<anonymous>:447:47)
    at <anonymous>:462:29
    at callFunction (<anonymous>:341:22)
    at <anonymous>:355:23
    at <anonymous>:356:3
  (Session info: chrome=119.0.6045.160)
[1700647013.044][INFO]: [84007886ec091036ee73767dcdc554ea] COMMAND FindElements {
   "using": "xpath",
   "value": "//*[@id=\"details-button\"]"
}
[1700647013.044][INFO]: Waiting for pending navigations...
[1700647013.046][INFO]: Done waiting for pending navigations. Status: ok
[1700647013.049][INFO]: Waiting for pending navigations...
[1700647013.050][INFO]: Done waiting for pending navigations. Status: ok
[1700647013.050][INFO]: [84007886ec091036ee73767dcdc554ea] RESPONSE FindElements [  ]
[1700647013.060][INFO]: [84007886ec091036ee73767dcdc554ea] COMMAND ExecuteAsyncScript {
   "args": [  ],
   "script": "\tvar callback = arguments[arguments.length - 1].bind(this);\r\n\twindow.katalonWaiter.katalon_smart_waiter_do_ajax_wait(callback);"
}
[1700647013.060][INFO]: Waiting for pending navigations...
[1700647013.064][INFO]: Done waiting for pending navigations. Status: ok
[1700647013.071][INFO]: Waiting for pending navigations...
[1700647013.072][INFO]: Done waiting for pending navigations. Status: ok
[1700647013.072][INFO]: [84007886ec091036ee73767dcdc554ea] RESPONSE ExecuteAsyncScript ERROR javascript error: Cannot read properties of undefined (reading 'katalon_smart_waiter_do_ajax_wait')
JavaScript stack:
TypeError: Cannot read properties of undefined (reading 'katalon_smart_waiter_do_ajax_wait')
    at eval (eval at executeAsyncScript (:447:26), <anonymous>:4:23)
    at eval (eval at executeAsyncScript (:447:26), <anonymous>:4:70)
    at executeAsyncScript (<anonymous>:447:47)
    at <anonymous>:462:29
    at callFunction (<anonymous>:341:22)
    at <anonymous>:355:23
    at <anonymous>:356:3
  (Session info: chrome=119.0.6045.160)
[1700647013.075][INFO]: [84007886ec091036ee73767dcdc554ea] COMMAND FindElements {
   "using": "xpath",
   "value": "//*[@id=\"details-button\"]"
}
[1700647013.075][INFO]: Waiting for pending navigations...
[1700647013.076][INFO]: Done waiting for pending navigations. Status: ok
[1700647013.080][INFO]: Waiting for pending navigations...
[1700647013.080][INFO]: Done waiting for pending navigations. Status: ok
[1700647013.080][INFO]: [84007886ec091036ee73767dcdc554ea] RESPONSE FindElements [  ]
[1700647013.099][INFO]: [84007886ec091036ee73767dcdc554ea] COMMAND ExecuteAsyncScript {
   "args": [  ],
   "script": "\tvar callback = arguments[arguments.length - 1].bind(this);\r\n\twindow.katalonWaiter.katalon_smart_waiter_do_ajax_wait(callback);"
}
[1700647013.099][INFO]: Waiting for pending navigations...
[1700647013.107][INFO]: Done waiting for pending navigations. Status: ok
[1700647013.114][INFO]: Waiting for pending navigations...
[1700647013.115][INFO]: Done waiting for pending navigations. Status: ok
[1700647013.115][INFO]: [84007886ec091036ee73767dcdc554ea] RESPONSE ExecuteAsyncScript ERROR javascript error: Cannot read properties of undefined (reading 'katalon_smart_waiter_do_ajax_wait')
JavaScript stack:
TypeError: Cannot read properties of undefined (reading 'katalon_smart_waiter_do_ajax_wait')
    at eval (eval at executeAsyncScript (:447:26), <anonymous>:4:23)
    at eval (eval at executeAsyncScript (:447:26), <anonymous>:4:70)
    at executeAsyncScript (<anonymous>:447:47)
    at <anonymous>:462:29
    at callFunction (<anonymous>:341:22)
    at <anonymous>:355:23
    at <anonymous>:356:3
  (Session info: chrome=119.0.6045.160)
[1700647013.130][INFO]: [84007886ec091036ee73767dcdc554ea] COMMAND FindElements {
   "using": "xpath",
   "value": "//*[@id=\"details-button\"]"
}
[1700647013.131][INFO]: Waiting for pending navigations...
[1700647013.131][INFO]: Done waiting for pending navigations. Status: ok
[1700647013.137][INFO]: Waiting for pending navigations...
[1700647013.138][INFO]: Done waiting for pending navigations. Status: ok
[1700647013.138][INFO]: [84007886ec091036ee73767dcdc554ea] RESPONSE FindElements [  ]
[1700647013.156][INFO]: [84007886ec091036ee73767dcdc554ea] COMMAND ExecuteAsyncScript {
   "args": [  ],
   "script": "\tvar callback = arguments[arguments.length - 1].bind(this);\r\n\twindow.katalonWaiter.katalon_smart_waiter_do_ajax_wait(callback);"
}
[1700647013.156][INFO]: Waiting for pending navigations...
[1700647013.157][INFO]: Done waiting for pending navigations. Status: ok
[1700647013.165][INFO]: Waiting for pending navigations...
[1700647013.166][INFO]: Done waiting for pending navigations. Status: ok
[1700647013.166][INFO]: [84007886ec091036ee73767dcdc554ea] RESPONSE ExecuteAsyncScript ERROR javascript error: Cannot read properties of undefined (reading 'katalon_smart_waiter_do_ajax_wait')
JavaScript stack:
TypeError: Cannot read properties of undefined (reading 'katalon_smart_waiter_do_ajax_wait')
    at eval (eval at executeAsyncScript (:447:26), <anonymous>:4:23)
    at eval (eval at executeAsyncScript (:447:26), <anonymous>:4:70)
    at executeAsyncScript (<anonymous>:447:47)
    at <anonymous>:462:29
    at callFunction (<anonymous>:341:22)
    at <anonymous>:355:23
    at <anonymous>:356:3
  (Session info: chrome=119.0.6045.160)
[1700647013.171][INFO]: [84007886ec091036ee73767dcdc554ea] COMMAND FindElements {
   "using": "xpath",
   "value": "//*[@id=\"details-button\"]"
}
[1700647013.172][INFO]: Waiting for pending navigations...
[1700647013.173][INFO]: Done waiting for pending navigations. Status: ok
[1700647013.178][INFO]: Waiting for pending navigations...
[1700647013.178][INFO]: Done waiting for pending navigations. Status: ok
[1700647013.178][INFO]: [84007886ec091036ee73767dcdc554ea] RESPONSE FindElements [  ]
[1700647013.187][INFO]: [84007886ec091036ee73767dcdc554ea] COMMAND ExecuteAsyncScript {
   "args": [  ],
   "script": "\tvar callback = arguments[arguments.length - 1].bind(this);\r\n\twindow.katalonWaiter.katalon_smart_waiter_do_ajax_wait(callback);"
}
[1700647013.187][INFO]: Waiting for pending navigations...
[1700647013.188][INFO]: Done waiting for pending navigations. Status: ok
[1700647013.193][INFO]: Waiting for pending navigations...
[1700647013.194][INFO]: Done waiting for pending navigations. Status: ok
[1700647013.194][INFO]: [84007886ec091036ee73767dcdc554ea] RESPONSE ExecuteAsyncScript ERROR javascript error: Cannot read properties of undefined (reading 'katalon_smart_waiter_do_ajax_wait')
JavaScript stack:
TypeError: Cannot read properties of undefined (reading 'katalon_smart_waiter_do_ajax_wait')
    at eval (eval at executeAsyncScript (:447:26), <anonymous>:4:23)
    at eval (eval at executeAsyncScript (:447:26), <anonymous>:4:70)
    at executeAsyncScript (<anonymous>:447:47)
    at <anonymous>:462:29
    at callFunction (<anonymous>:341:22)
    at <anonymous>:355:23
    at <anonymous>:356:3
  (Session info: chrome=119.0.6045.160)
[1700647013.204][INFO]: [84007886ec091036ee73767dcdc554ea] COMMAND FindElements {
   "using": "xpath",
   "value": "//*[@id=\"details-button\"]"
}
[1700647013.204][INFO]: Waiting for pending navigations...
[1700647013.205][INFO]: Done waiting for pending navigations. Status: ok
[1700647013.211][INFO]: Waiting for pending navigations...
[1700647013.211][INFO]: Done waiting for pending navigations. Status: ok
[1700647013.212][INFO]: [84007886ec091036ee73767dcdc554ea] RESPONSE FindElements [  ]
[1700647013.221][INFO]: [84007886ec091036ee73767dcdc554ea] COMMAND ExecuteAsyncScript {
   "args": [  ],
   "script": "\tvar callback = arguments[arguments.length - 1].bind(this);\r\n\twindow.katalonWaiter.katalon_smart_waiter_do_ajax_wait(callback);"
}
[1700647013.221][INFO]: Waiting for pending navigations...
[1700647013.223][INFO]: Done waiting for pending navigations. Status: ok
[1700647013.229][INFO]: Waiting for pending navigations...
[1700647013.229][INFO]: Done waiting for pending navigations. Status: ok
[1700647013.229][INFO]: [84007886ec091036ee73767dcdc554ea] RESPONSE ExecuteAsyncScript ERROR javascript error: Cannot read properties of undefined (reading 'katalon_smart_waiter_do_ajax_wait')
JavaScript stack:
TypeError: Cannot read properties of undefined (reading 'katalon_smart_waiter_do_ajax_wait')
    at eval (eval at executeAsyncScript (:447:26), <anonymous>:4:23)
    at eval (eval at executeAsyncScript (:447:26), <anonymous>:4:70)
    at executeAsyncScript (<anonymous>:447:47)
    at <anonymous>:462:29
    at callFunction (<anonymous>:341:22)
    at <anonymous>:355:23
    at <anonymous>:356:3
  (Session info: chrome=119.0.6045.160)
[1700647013.237][INFO]: [84007886ec091036ee73767dcdc554ea] COMMAND FindElements {
   "using": "xpath",
   "value": "//*[@id=\"details-button\"]"
}
[1700647013.237][INFO]: Waiting for pending navigations...
[1700647013.238][INFO]: Done waiting for pending navigations. Status: ok
[1700647013.243][INFO]: Waiting for pending navigations...
[1700647013.243][INFO]: Done waiting for pending navigations. Status: ok
[1700647013.243][INFO]: [84007886ec091036ee73767dcdc554ea] RESPONSE FindElements [  ]
[1700647013.252][INFO]: [84007886ec091036ee73767dcdc554ea] COMMAND ExecuteAsyncScript {
   "args": [  ],
   "script": "\tvar callback = arguments[arguments.length - 1].bind(this);\r\n\twindow.katalonWaiter.katalon_smart_waiter_do_ajax_wait(callback);"
}
[1700647013.252][INFO]: Waiting for pending navigations...
[1700647013.253][INFO]: Done waiting for pending navigations. Status: ok
[1700647013.272][INFO]: Waiting for pending navigations...
[1700647013.272][INFO]: Done waiting for pending navigations. Status: ok
[1700647013.272][INFO]: [84007886ec091036ee73767dcdc554ea] RESPONSE ExecuteAsyncScript ERROR javascript error: Cannot read properties of undefined (reading 'katalon_smart_waiter_do_ajax_wait')
JavaScript stack:
TypeError: Cannot read properties of undefined (reading 'katalon_smart_waiter_do_ajax_wait')
    at eval (eval at executeAsyncScript (:447:26), <anonymous>:4:23)
    at eval (eval at executeAsyncScript (:447:26), <anonymous>:4:70)
    at executeAsyncScript (<anonymous>:447:47)
    at <anonymous>:462:29
    at callFunction (<anonymous>:341:22)
    at <anonymous>:355:23
    at <anonymous>:356:3
  (Session info: chrome=119.0.6045.160)
[1700647013.283][INFO]: [84007886ec091036ee73767dcdc554ea] COMMAND FindElements {
   "using": "xpath",
   "value": "//*[@id=\"details-button\"]"
}
[1700647013.283][INFO]: Waiting for pending navigations...
[1700647013.295][INFO]: Done waiting for pending navigations. Status: ok
[1700647013.306][INFO]: [84007886ec091036ee73767dcdc554ea] RESPONSE FindElements
[1700647013.314][INFO]: [84007886ec091036ee73767dcdc554ea] COMMAND ExecuteAsyncScript {
   "args": [  ],
   "script": "\tvar callback = arguments[arguments.length - 1].bind(this);\r\n\twindow.katalonWaiter.katalon_smart_waiter_do_ajax_wait(callback);"
}
[1700647013.314][INFO]: [84007886ec091036ee73767dcdc554ea] RESPONSE ExecuteAsyncScript ERROR no such window: target window already closed
from unknown error: web view not found
  (Session info: chrome=119.0.6045.160)
[1700647013.330][INFO]: [84007886ec091036ee73767dcdc554ea] COMMAND FindElements {
   "using": "xpath",
   "value": "//*[@id=\"details-button\"]"
}
[1700647013.330][INFO]: [84007886ec091036ee73767dcdc554ea] RESPONSE FindElements ERROR no such window: target window already closed
from unknown error: web view not found
  (Session info: chrome=119.0.6045.160)
[1700647013.332][INFO]: [84007886ec091036ee73767dcdc554ea] COMMAND Screenshot {
}
[1700647013.332][INFO]: [84007886ec091036ee73767dcdc554ea] RESPONSE Screenshot ERROR no such window: target window already closed
from unknown error: web view not found
  (Session info: chrome=119.0.6045.160)
[1700647021.493][INFO]: [84007886ec091036ee73767dcdc554ea] COMMAND ExecuteAsyncScript {
   "args": [  ],
   "script": "\tvar callback = arguments[arguments.length - 1].bind(this);\r\n\twindow.katalonWaiter.katalon_smart_waiter_do_ajax_wait(callback);"
}
[1700647021.493][INFO]: [84007886ec091036ee73767dcdc554ea] RESPONSE ExecuteAsyncScript ERROR no such window: target window already closed
from unknown error: web view not found
  (Session info: chrome=119.0.6045.160)
[1700647021.530][INFO]: [84007886ec091036ee73767dcdc554ea] COMMAND FindElements {
   "using": "xpath",
   "value": "//*[@id=\"connexion_link\"]"
}
[1700647021.530][INFO]: [84007886ec091036ee73767dcdc554ea] RESPONSE FindElements ERROR no such window: target window already closed
from unknown error: web view not found
  (Session info: chrome=119.0.6045.160)
[1700647021.531][INFO]: [84007886ec091036ee73767dcdc554ea] COMMAND Screenshot {
}
[1700647021.532][INFO]: [84007886ec091036ee73767dcdc554ea] RESPONSE Screenshot ERROR no such window: target window already closed
from unknown error: web view not found
  (Session info: chrome=119.0.6045.160)
[1700647034.475][INFO]: [84007886ec091036ee73767dcdc554ea] COMMAND Quit {
}
[1700647034.475][INFO]: [84007886ec091036ee73767dcdc554ea] RESPONSE Quit
